<?xml version="1.0" encoding="UTF-8"?>
<!-- Generated by org.testng.reporters.JUnitXMLReporter -->
<testsuite ignored="0" hostname="DESKTOP-LGQ4M5A" failures="1" tests="2" name="Default test(failed)" time="0.055" errors="0" timestamp="2024-04-28T15:00:32 IST">
  <testcase classname="testNG_keywords.Dependsonmethods" name="login" time="0.009">
    <failure type="java.lang.AssertionError" message="null">
      <![CDATA[java.lang.AssertionError: null
at testNG_keywords.Dependsonmethods.login(Dependsonmethods.java:14)
at java.base/java.util.ArrayList.forEach(ArrayList.java:1511)
... Removed 29 stack frames]]>
    </failure>
  </testcase> <!-- login -->
  <testcase classname="testNG_keywords.Dependsonmethods" name="logut" time="0.0">
    <skipped/>
  </testcase> <!-- logut -->
</testsuite> <!-- Default test(failed) -->
