<?xml version="1.0" encoding="UTF-8"?>
<testng-results ignored="0" total="2" passed="1" failed="1" skipped="0">
  <reporter-output>
  </reporter-output>
  <suite started-at="2024-05-17T22:19:20 IST" name="Default suite" finished-at="2024-05-17T22:19:21 IST" duration-ms="73">
    <groups>
    </groups>
    <test started-at="2024-05-17T22:19:20 IST" name="Default test" finished-at="2024-05-17T22:19:21 IST" duration-ms="73">
      <class name="Test.TestNG_basics">
        <test-method is-config="true" signature="setUp()[pri:0, instance:Test.TestNG_basics@6253c26]" started-at="2024-05-17T22:19:20 IST" name="setUp" finished-at="2024-05-17T22:19:20 IST" duration-ms="12" status="PASS">
          <reporter-output>
          </reporter-output>
        </test-method> <!-- setUp -->
        <test-method is-config="true" signature="launchbrowser()[pri:0, instance:Test.TestNG_basics@6253c26]" started-at="2024-05-17T22:19:20 IST" name="launchbrowser" finished-at="2024-05-17T22:19:20 IST" duration-ms="0" status="PASS">
          <reporter-output>
          </reporter-output>
        </test-method> <!-- launchbrowser -->
        <test-method is-config="true" signature="login()[pri:0, instance:Test.TestNG_basics@6253c26]" started-at="2024-05-17T22:19:20 IST" name="login" finished-at="2024-05-17T22:19:20 IST" duration-ms="0" status="PASS">
          <reporter-output>
          </reporter-output>
        </test-method> <!-- login -->
        <test-method is-config="true" signature="enterurl()[pri:0, instance:Test.TestNG_basics@6253c26]" started-at="2024-05-17T22:19:21 IST" name="enterurl" finished-at="2024-05-17T22:19:21 IST" duration-ms="1" status="PASS">
          <reporter-output>
          </reporter-output>
        </test-method> <!-- enterurl -->
        <test-method signature="googleTitleTest()[pri:0, instance:Test.TestNG_basics@6253c26]" started-at="2024-05-17T22:19:21 IST" name="googleTitleTest" finished-at="2024-05-17T22:19:21 IST" duration-ms="6" status="PASS">
          <reporter-output>
          </reporter-output>
        </test-method> <!-- googleTitleTest -->
        <test-method is-config="true" signature="logout()[pri:0, instance:Test.TestNG_basics@6253c26]" started-at="2024-05-17T22:19:21 IST" name="logout" finished-at="2024-05-17T22:19:21 IST" duration-ms="0" status="PASS">
          <reporter-output>
          </reporter-output>
        </test-method> <!-- logout -->
        <test-method is-config="true" signature="enterurl()[pri:0, instance:Test.TestNG_basics@6253c26]" started-at="2024-05-17T22:19:21 IST" name="enterurl" finished-at="2024-05-17T22:19:21 IST" duration-ms="0" status="PASS">
          <reporter-output>
          </reporter-output>
        </test-method> <!-- enterurl -->
        <test-method signature="verifylogo()[pri:0, instance:Test.TestNG_basics@6253c26]" started-at="2024-05-17T22:19:21 IST" name="verifylogo" finished-at="2024-05-17T22:19:21 IST" duration-ms="3" status="FAIL">
          <exception class="java.lang.ArithmeticException">
            <message>
              <![CDATA[/ by zero]]>
            </message>
            <full-stacktrace>
              <![CDATA[java.lang.ArithmeticException: / by zero
at Test.TestNG_basics.verifylogo(TestNG_basics.java:38)
at java.base/jdk.internal.reflect.NativeMethodAccessorImpl.invoke0(Native Method)
at java.base/jdk.internal.reflect.NativeMethodAccessorImpl.invoke(NativeMethodAccessorImpl.java:77)
at java.base/jdk.internal.reflect.DelegatingMethodAccessorImpl.invoke(DelegatingMethodAccessorImpl.java:43)
at java.base/java.lang.reflect.Method.invoke(Method.java:568)
at org.testng.internal.MethodInvocationHelper.invokeMethod(MethodInvocationHelper.java:133)
at org.testng.internal.TestInvoker.invokeMethod(TestInvoker.java:598)
at org.testng.internal.TestInvoker.invokeTestMethod(TestInvoker.java:173)
at org.testng.internal.MethodRunner.runInSequence(MethodRunner.java:46)
at org.testng.internal.TestInvoker$MethodInvocationAgent.invoke(TestInvoker.java:824)
at org.testng.internal.TestInvoker.invokeTestMethods(TestInvoker.java:146)
at org.testng.internal.TestMethodWorker.invokeTestMethods(TestMethodWorker.java:146)
at org.testng.internal.TestMethodWorker.run(TestMethodWorker.java:128)
at java.base/java.util.ArrayList.forEach(ArrayList.java:1511)
at org.testng.TestRunner.privateRun(TestRunner.java:794)
at org.testng.TestRunner.run(TestRunner.java:596)
at org.testng.SuiteRunner.runTest(SuiteRunner.java:377)
at org.testng.SuiteRunner.runSequentially(SuiteRunner.java:371)
at org.testng.SuiteRunner.privateRun(SuiteRunner.java:332)
at org.testng.SuiteRunner.run(SuiteRunner.java:276)
at org.testng.SuiteRunnerWorker.runSuite(SuiteRunnerWorker.java:53)
at org.testng.SuiteRunnerWorker.run(SuiteRunnerWorker.java:96)
at org.testng.TestNG.runSuitesSequentially(TestNG.java:1212)
at org.testng.TestNG.runSuitesLocally(TestNG.java:1134)
at org.testng.TestNG.runSuites(TestNG.java:1063)
at org.testng.TestNG.run(TestNG.java:1031)
at org.testng.remote.AbstractRemoteTestNG.run(AbstractRemoteTestNG.java:115)
at org.testng.remote.RemoteTestNG.initAndRun(RemoteTestNG.java:293)
at org.testng.remote.RemoteTestNG.main(RemoteTestNG.java:91)
]]>
            </full-stacktrace>
          </exception> <!-- java.lang.ArithmeticException -->
          <reporter-output>
          </reporter-output>
        </test-method> <!-- verifylogo -->
        <test-method is-config="true" signature="logout()[pri:0, instance:Test.TestNG_basics@6253c26]" started-at="2024-05-17T22:19:21 IST" name="logout" finished-at="2024-05-17T22:19:21 IST" duration-ms="1" status="PASS">
          <reporter-output>
          </reporter-output>
        </test-method> <!-- logout -->
        <test-method is-config="true" signature="closebrowser()[pri:0, instance:Test.TestNG_basics@6253c26]" started-at="2024-05-17T22:19:21 IST" name="closebrowser" finished-at="2024-05-17T22:19:21 IST" duration-ms="0" status="PASS">
          <reporter-output>
          </reporter-output>
        </test-method> <!-- closebrowser -->
        <test-method is-config="true" signature="deleteallcookies()[pri:0, instance:Test.TestNG_basics@6253c26]" started-at="2024-05-17T22:19:21 IST" name="deleteallcookies" finished-at="2024-05-17T22:19:21 IST" duration-ms="1" status="PASS">
          <reporter-output>
          </reporter-output>
        </test-method> <!-- deleteallcookies -->
      </class> <!-- Test.TestNG_basics -->
    </test> <!-- Default test -->
  </suite> <!-- Default suite -->
</testng-results>
